<?xml version="1.0" encoding="UTF-8"?>
<!-- Generated by org.testng.reporters.JUnitReportReporter -->
<testsuite hostname="DESKTOP-HCGN18M" failures="0" tests="1" name="com.zerodha.qa.TestCases.LoginTest" time="8.197" errors="0" timestamp="2022-04-18T23:59:12 IST" skipped="0">
  <testcase classname="com.zerodha.qa.TestCases.LoginTest" name="ZerodhaLoginPageTest" time="8.197"/>
  <system-out>
    <![CDATA[verifyZerodhaLoginPageLogo
verifyZerodhaLoginPageAndroidLogo
verifyZerodhaLoginPageIosLogo
verifyZerodhaLoginPageApplicationVersion
setZerodhaLoginPageUsername
setZerodhaLoginPagePassword
clickZerodhaLoginPageLoginBtn
setZerodhaLoginPagePin
clickZerodhaLoginPagePinContinueBtn]]>
  </system-out>
</testsuite> <!-- com.zerodha.qa.TestCases.LoginTest -->
