<?xml version="1.0" encoding="UTF-8"?>
<!-- Generated by org.testng.reporters.JUnitReportReporter -->
<testsuite hostname="DESKTOP-HCGN18M" failures="0" tests="12" name="parametraization_crossbrowser.allbrowser" time="82.017" errors="0" timestamp="2022-04-13T00:57:26 IST" skipped="0">
  <testcase classname="parametraization_crossbrowser.allbrowser" name="crossbrowser" time="43.840"/>
  <system-out>
    <![CDATA[crossbrowser]]>
  </system-out>
  <testcase classname="parametraization_crossbrowser.allbrowser" name="crossbrowser" time="33.867"/>
  <system-out>
    <![CDATA[crossbrowser]]>
  </system-out>
  <testcase classname="parametraization_crossbrowser.allbrowser" name="verifycurrenturl" time="0.040"/>
  <system-out>
    <![CDATA[verifycurrenturl]]>
  </system-out>
  <testcase classname="parametraization_crossbrowser.allbrowser" name="verifycurrenturl" time="0.018"/>
  <system-out>
    <![CDATA[verifycurrenturl]]>
  </system-out>
  <testcase classname="parametraization_crossbrowser.allbrowser" name="verifypageTitle" time="0.012"/>
  <system-out>
    <![CDATA[verifypageTitle]]>
  </system-out>
  <testcase classname="parametraization_crossbrowser.allbrowser" name="verifypageTitle" time="0.039"/>
  <system-out>
    <![CDATA[verifypageTitle]]>
  </system-out>
  <testcase classname="parametraization_crossbrowser.allbrowser" name="username" time="0.398"/>
  <system-out>
    <![CDATA[username]]>
  </system-out>
  <testcase classname="parametraization_crossbrowser.allbrowser" name="username" time="0.860"/>
  <system-out>
    <![CDATA[username]]>
  </system-out>
  <testcase classname="parametraization_crossbrowser.allbrowser" name="password" time="0.363"/>
  <system-out>
    <![CDATA[password]]>
  </system-out>
  <testcase classname="parametraization_crossbrowser.allbrowser" name="password" time="0.450"/>
  <system-out>
    <![CDATA[password]]>
  </system-out>
  <testcase classname="parametraization_crossbrowser.allbrowser" name="loginBtn" time="1.688"/>
  <system-out>
    <![CDATA[loginbtn]]>
  </system-out>
  <testcase classname="parametraization_crossbrowser.allbrowser" name="loginBtn" time="0.442"/>
  <system-out>
    <![CDATA[loginbtn]]>
  </system-out>
</testsuite> <!-- parametraization_crossbrowser.allbrowser -->
