<?xml version="1.0" encoding="UTF-8"?>
<!-- Generated by org.testng.reporters.JUnitReportReporter -->
<testsuite hostname="DESKTOP-HCGN18M" failures="0" tests="1" name="grupingExample.testCase3" time="0.002" errors="0" timestamp="2022-04-06T22:43:46 IST" skipped="0">
  <testcase classname="grupingExample.testCase3" name="Test9" time="0.002"/>
  <system-out/>
</testsuite> <!-- grupingExample.testCase3 -->
