<?xml version="1.0" encoding="UTF-8"?>
<!-- Generated by org.testng.reporters.JUnitReportReporter -->
<testsuite hostname="DESKTOP-HCGN18M" failures="0" tests="1" name="pomPagefactoryEx.loginPageTest" time="1.386" errors="0" timestamp="2022-04-15T15:17:11 IST" skipped="0">
  <testcase classname="pomPagefactoryEx.loginPageTest" name="facebookLoginPageTest" time="1.386"/>
  <system-out>
    <![CDATA[verifyFacebookLoginPageFbLogo
verifyFacebookLoginPageTagline
verifyFacebookLoginPageForgotPasswdLink
verifyFacebookLoginPageCreatPageLink
verifyFacebookLoginPageFooterlinkSize
setFacebookLoginPageUsername
setFacebookLoginPagePassword
clickFacebookLoginPageLoginBtn
clickFacebookLoginPageCreateNewAccBtn]]>
  </system-out>
</testsuite> <!-- pomPagefactoryEx.loginPageTest -->
