<?xml version="1.0" encoding="UTF-8"?>
<!-- Generated by org.testng.reporters.JUnitReportReporter -->
<testsuite hostname="DESKTOP-HCGN18M" failures="0" tests="3" name="testNGBasic.methodAnotation" time="0.023" errors="0" timestamp="2022-04-04T23:36:08 IST" skipped="0">
  <testcase classname="testNGBasic.methodAnotation" name="homepage" time="0.009"/>
  <system-out>
    <![CDATA[Homepage is Tested ]]>
  </system-out>
  <testcase classname="testNGBasic.methodAnotation" name="profilepage" time="0.004"/>
  <system-out>
    <![CDATA[profilepage is tested ]]>
  </system-out>
  <testcase classname="testNGBasic.methodAnotation" name="notificationpage" time="0.010"/>
  <system-out>
    <![CDATA[Notificationpage is tested]]>
  </system-out>
</testsuite> <!-- testNGBasic.methodAnotation -->
