<?xml version="1.0" encoding="UTF-8"?>
<!-- Generated by org.testng.reporters.JUnitReportReporter -->
<testsuite hostname="DESKTOP-HCGN18M" failures="0" tests="3" name="testNGBasic.introduction" time="0.033" errors="0" timestamp="2022-04-04T19:37:11 IST" skipped="0">
  <testcase classname="testNGBasic.introduction" name="openurl" time="0.028"/>
  <system-out>
    <![CDATA[url is open]]>
  </system-out>
  <testcase classname="testNGBasic.introduction" name="login" time="0.002"/>
  <system-out>
    <![CDATA[login is sucessfull]]>
  </system-out>
  <testcase classname="testNGBasic.introduction" name="logout" time="0.003"/>
  <system-out>
    <![CDATA[logout is sucessfull]]>
  </system-out>
</testsuite> <!-- testNGBasic.introduction -->
