<?xml version="1.0" encoding="UTF-8"?>
<!-- Generated by org.testng.reporters.JUnitReportReporter -->
<testsuite hostname="DESKTOP-HCGN18M" failures="0" tests="3" name="anotationExample.TC1" time="0.008" errors="0" timestamp="2022-04-05T16:41:29 IST" skipped="0">
  <testcase classname="anotationExample.TC1" name="m1" time="0.001"/>
  <system-out/>
  <testcase classname="anotationExample.TC1" name="m3" time="0.005"/>
  <system-out/>
  <testcase classname="anotationExample.TC1" name="m2" time="0.002"/>
  <system-out/>
</testsuite> <!-- anotationExample.TC1 -->
