<?xml version="1.0" encoding="UTF-8"?>
<!-- Generated by org.testng.reporters.JUnitReportReporter -->
<testsuite hostname="DESKTOP-HCGN18M" failures="0" tests="2" name="keywordPractice.enabelfalse" time="0.022" errors="0" timestamp="2022-04-05T18:33:55 IST" skipped="1">
  <testcase classname="keywordPractice.enabelfalse" name="homepage" time="0.022"/>
  <system-out/>
  <testcase classname="keywordPractice.enabelfalse" name="profilepagetest">
    <skipped/>
  </testcase> <!-- profilepagetest -->
  <system-out/>
</testsuite> <!-- keywordPractice.enabelfalse -->
