<?xml version="1.0" encoding="UTF-8"?>
<!-- Generated by org.testng.reporters.JUnitReportReporter -->
<testsuite hostname="DESKTOP-HCGN18M" failures="0" tests="1" name="pomPagefactoryEx.registrationTest" time="4.825" errors="0" timestamp="2022-04-14T19:17:42 IST" skipped="0">
  <testcase classname="pomPagefactoryEx.registrationTest" name="RegistrationPageTest" time="4.825"/>
  <system-out>
    <![CDATA[clickFacebookSignupLink
verifyFacebookRegistrationPagefbLogo
verifyFacebookRegistrationPageAlredyaccLink
setFacebookRegistrationPageFirstName
setFacebookRegistrationPageLastName
setFacebookRegistrationPagemobileEmail
setFacebookRegistrationPageNewPassword
setFacebookRegistrationPageBirthDay
setFacebookRegistrationPageBirthMonth
setFacebookRegistrationpageBirthYear
setFacebookRegistrationpageGender
clickFacebookRegistrationpageSignUpBtn]]>
  </system-out>
</testsuite> <!-- pomPagefactoryEx.registrationTest -->
