<?xml version="1.0" encoding="UTF-8"?>
<!-- Generated by org.testng.reporters.JUnitReportReporter -->
<testsuite hostname="DESKTOP-HCGN18M" failures="0" tests="1" name="grupingExample.testCase2" time="0.003" errors="0" timestamp="2022-04-06T22:43:46 IST" skipped="0">
  <testcase classname="grupingExample.testCase2" name="Test6" time="0.003"/>
  <system-out/>
</testsuite> <!-- grupingExample.testCase2 -->
