<?xml version="1.0" encoding="UTF-8"?>
<!-- Generated by org.testng.reporters.JUnitReportReporter -->
<testsuite hostname="DESKTOP-HCGN18M" failures="0" tests="3" name="anotationExample.TC_4" time="0.021" errors="0" timestamp="2022-04-05T16:02:51 IST" skipped="0">
  <testcase classname="anotationExample.TC_4" name="m6" time="0.003"/>
  <system-out/>
  <testcase classname="anotationExample.TC_4" name="m4" time="0.015"/>
  <system-out/>
  <testcase classname="anotationExample.TC_4" name="m5" time="0.003"/>
  <system-out/>
</testsuite> <!-- anotationExample.TC_4 -->
