<?xml version="1.0" encoding="UTF-8"?>
<!-- Generated by org.testng.reporters.JUnitReportReporter -->
<testsuite hostname="DESKTOP-HCGN18M" failures="0" tests="3" name="anotationExample.TC4" time="0.018" errors="0" timestamp="2022-04-05T16:41:29 IST" skipped="0">
  <testcase classname="anotationExample.TC4" name="m5" time="0.004"/>
  <system-out/>
  <testcase classname="anotationExample.TC4" name="m6" time="0.003"/>
  <system-out/>
  <testcase classname="anotationExample.TC4" name="m4" time="0.011"/>
  <system-out/>
</testsuite> <!-- anotationExample.TC4 -->
