<?xml version="1.0" encoding="UTF-8"?>
<!-- Generated by org.testng.reporters.JUnitReportReporter -->
<testsuite hostname="DESKTOP-HCGN18M" failures="0" tests="3" name="testNGBasic.classAnotation" time="0.016" errors="0" timestamp="2022-04-05T00:37:01 IST" skipped="0">
  <testcase classname="testNGBasic.classAnotation" name="homeelement" time="0.008"/>
  <system-out>
    <![CDATA[cheking the homepage url]]>
  </system-out>
  <testcase classname="testNGBasic.classAnotation" name="profilechek" time="0.005"/>
  <system-out>
    <![CDATA[cheking the Prifilepage url]]>
  </system-out>
  <testcase classname="testNGBasic.classAnotation" name="notificationchek" time="0.003"/>
  <system-out>
    <![CDATA[cheking the notificationpage url]]>
  </system-out>
</testsuite> <!-- testNGBasic.classAnotation -->
