<?xml version="1.0" encoding="UTF-8"?>
<!-- Generated by org.testng.reporters.JUnitReportReporter -->
<testsuite hostname="DESKTOP-HCGN18M" failures="0" tests="3" name="anotationExample.TC_3" time="0.009" errors="0" timestamp="2022-04-05T16:02:51 IST" skipped="0">
  <testcase classname="anotationExample.TC_3" name="m2" time="0.003"/>
  <system-out/>
  <testcase classname="anotationExample.TC_3" name="m3" time="0.004"/>
  <system-out/>
  <testcase classname="anotationExample.TC_3" name="m1" time="0.002"/>
  <system-out/>
</testsuite> <!-- anotationExample.TC_3 -->
