<?xml version="1.0" encoding="UTF-8"?>
<!-- Generated by org.testng.reporters.JUnitReportReporter -->
<testsuite hostname="DESKTOP-HCGN18M" failures="0" tests="6" name="keywordPractice.invoctionCount" time="0.038" errors="0" timestamp="2022-04-05T18:11:57 IST" skipped="0">
  <testcase classname="keywordPractice.invoctionCount" name="homepage" time="0.012"/>
  <system-out/>
  <testcase classname="keywordPractice.invoctionCount" name="profilepagetest" time="0.004"/>
  <system-out/>
  <testcase classname="keywordPractice.invoctionCount" name="profilepagetest" time="0.003"/>
  <system-out/>
  <testcase classname="keywordPractice.invoctionCount" name="profilepagetest" time="0.008"/>
  <system-out/>
  <testcase classname="keywordPractice.invoctionCount" name="profilepagetest" time="0.002"/>
  <system-out/>
  <testcase classname="keywordPractice.invoctionCount" name="profilepagetest" time="0.009"/>
  <system-out/>
</testsuite> <!-- keywordPractice.invoctionCount -->
