<?xml version="1.0" encoding="UTF-8"?>
<!-- Generated by org.testng.reporters.JUnitReportReporter -->
<testsuite hostname="DESKTOP-HCGN18M" failures="0" tests="5" name="keywordPractice.invocationCountwithThreadPoolsize" time="72.284" errors="0" timestamp="2022-04-06T15:45:36 IST" skipped="0">
  <testcase classname="keywordPractice.invocationCountwithThreadPoolsize" name="launchBrowser" time="16.949"/>
  <system-out/>
  <testcase classname="keywordPractice.invocationCountwithThreadPoolsize" name="launchBrowser" time="15.141"/>
  <system-out/>
  <testcase classname="keywordPractice.invocationCountwithThreadPoolsize" name="launchBrowser" time="13.038"/>
  <system-out/>
  <testcase classname="keywordPractice.invocationCountwithThreadPoolsize" name="launchBrowser" time="15.395"/>
  <system-out/>
  <testcase classname="keywordPractice.invocationCountwithThreadPoolsize" name="launchBrowser" time="11.761"/>
  <system-out/>
</testsuite> <!-- keywordPractice.invocationCountwithThreadPoolsize -->
