<?xml version="1.0" encoding="UTF-8"?>
<!-- Generated by org.testng.reporters.JUnitReportReporter -->
<testsuite hostname="DESKTOP-HCGN18M" failures="0" tests="1" name="grupingExample.testCase1" time="0.008" errors="0" timestamp="2022-04-06T22:43:46 IST" skipped="0">
  <testcase classname="grupingExample.testCase1" name="Test3" time="0.008"/>
  <system-out/>
</testsuite> <!-- grupingExample.testCase1 -->
